<?xml version="1.0" encoding="UTF-8"?>
<testng-results ignored="0" total="3" passed="3" failed="0" skipped="0">
  <reporter-output>
  </reporter-output>
  <suite started-at="2022-09-19T16:39:10 IST" name="Suite" finished-at="2022-09-19T16:39:31 IST" duration-ms="20938">
    <groups>
    </groups>
    <test started-at="2022-09-19T16:39:10 IST" name="Test" finished-at="2022-09-19T16:39:31 IST" duration-ms="20938">
      <class name="MobileWorld.signup1">
        <test-method signature="signup()[pri:0, instance:MobileWorld.signup1@57af006c]" started-at="2022-09-19T16:39:10 IST" name="signup" finished-at="2022-09-19T16:39:20 IST" duration-ms="10231" status="PASS">
          <reporter-output>
          </reporter-output>
        </test-method> <!-- signup -->
      </class> <!-- MobileWorld.signup1 -->
      <class name="MobileWorld.signin1">
        <test-method signature="signin()[pri:0, instance:MobileWorld.signin1@4d5b6aac]" started-at="2022-09-19T16:39:20 IST" name="signin" finished-at="2022-09-19T16:39:25 IST" duration-ms="5240" status="PASS">
          <reporter-output>
          </reporter-output>
        </test-method> <!-- signin -->
      </class> <!-- MobileWorld.signin1 -->
      <class name="MobileWorld.Allmobiles1">
        <test-method signature="AllMobiles()[pri:0, instance:MobileWorld.Allmobiles1@3e84448c]" started-at="2022-09-19T16:39:25 IST" name="AllMobiles" finished-at="2022-09-19T16:39:31 IST" duration-ms="5431" status="PASS">
          <reporter-output>
          </reporter-output>
        </test-method> <!-- AllMobiles -->
      </class> <!-- MobileWorld.Allmobiles1 -->
    </test> <!-- Test -->
  </suite> <!-- Suite -->
</testng-results>
